<?xml version="1.0" encoding="UTF-8"?>
<!-- Generated by org.testng.reporters.JUnitReportReporter -->
<testsuite skipped="0" hostname="LAPTOP-B4DGONA8" name="com.tests.PopUpTests" tests="1" failures="0" timestamp="2021-10-19T12:32:55 IST" time="9.075" errors="0">
  <testcase name="handlePopUpTest" time="9.075" classname="com.tests.PopUpTests"/>
  <system-out/>
</testsuite> <!-- com.tests.PopUpTests -->
