<?xml version="1.0" encoding="UTF-8"?>
<!-- Generated by org.testng.reporters.JUnitReportReporter -->
<testsuite skipped="0" hostname="LAPTOP-B4DGONA8" name="com.tests.PredicateTest" tests="1" failures="0" timestamp="2021-10-19T12:16:28 IST" time="0.023" errors="0">
  <testcase name="predicateTest" time="0.023" classname="com.tests.PredicateTest"/>
  <system-out/>
</testsuite> <!-- com.tests.PredicateTest -->
