<?xml version="1.0" encoding="UTF-8"?>
<!-- Generated by org.testng.reporters.JUnitReportReporter -->
<testsuite skipped="0" hostname="LAPTOP-B4DGONA8" name="com.tests.TestRunner_BiPredicate" tests="1" failures="0" timestamp="2021-10-22T09:29:00 IST" time="0.010" errors="0">
  <testcase name="predicateTest" time="0.010" classname="com.tests.TestRunner_BiPredicate"/>
  <system-out/>
</testsuite> <!-- com.tests.TestRunner_BiPredicate -->
