<?xml version="1.0" encoding="UTF-8"?>
<!-- Generated by org.testng.reporters.JUnitReportReporter -->
<testsuite skipped="0" hostname="LAPTOP-B4DGONA8" name="com.tests.SelectDropDownTests" tests="1" failures="0" timestamp="2021-10-19T10:33:39 IST" time="9.404" errors="0">
  <testcase name="dropDownTest" time="9.404" classname="com.tests.SelectDropDownTests"/>
  <system-out/>
</testsuite> <!-- com.tests.SelectDropDownTests -->
