<?xml version="1.0" encoding="UTF-8"?>
<!-- Generated by org.testng.reporters.JUnitReportReporter -->
<testsuite skipped="0" hostname="LAPTOP-B4DGONA8" name="com.tests.LocaterStrategyTest" tests="1" failures="0" timestamp="2021-10-19T13:10:01 IST" time="9.096" errors="0">
  <testcase name="locatorStrategyTest" time="9.096" classname="com.tests.LocaterStrategyTest"/>
  <system-out/>
</testsuite> <!-- com.tests.LocaterStrategyTest -->
