<?xml version="1.0" encoding="UTF-8"?>
<!-- Generated by org.testng.reporters.JUnitReportReporter -->
<testsuite skipped="0" hostname="LAPTOP-B4DGONA8" name="com.tests.AmazonDemoTest" tests="1" failures="0" timestamp="2021-10-19T10:07:03 IST" time="18.090" errors="0">
  <testcase name="demoTest" time="18.090" classname="com.tests.AmazonDemoTest"/>
  <system-out/>
</testsuite> <!-- com.tests.AmazonDemoTest -->
