<?xml version="1.0" encoding="UTF-8"?>
<!-- Generated by org.testng.reporters.JUnitReportReporter -->
<testsuite skipped="0" hostname="LAPTOP-B4DGONA8" name="com.tests.TestRunner_Supplier" tests="1" failures="0" timestamp="2021-10-21T15:52:55 IST" time="0.010" errors="0">
  <testcase name="Test1" time="0.010" classname="com.tests.TestRunner_Supplier"/>
  <system-out/>
</testsuite> <!-- com.tests.TestRunner_Supplier -->
